nohup: ignoring input
[2025-01-02 12:11:17 +0000] [1990759] [INFO] Starting gunicorn 23.0.0
[2025-01-02 12:11:17 +0000] [1990759] [INFO] Listening at: http://127.0.0.1:8001 (1990759)
[2025-01-02 12:11:17 +0000] [1990759] [INFO] Using worker: sync
[2025-01-02 12:11:17 +0000] [1990761] [INFO] Booting worker with pid: 1990761
[2025-01-02 12:11:17 +0000] [1990762] [INFO] Booting worker with pid: 1990762
[2025-01-02 12:11:17 +0000] [1990763] [INFO] Booting worker with pid: 1990763
Something has changed an OrderedDefaultRouter's APIRootView attribute to a custom class. Please verify that class GoldenConfigRootView implements appropriate authentication controls.
Something has changed an OrderedDefaultRouter's APIRootView attribute to a custom class. Please verify that class GoldenConfigRootView implements appropriate authentication controls.
Something has changed an OrderedDefaultRouter's APIRootView attribute to a custom class. Please verify that class GoldenConfigRootView implements appropriate authentication controls.
Something has changed an OrderedDefaultRouter's APIRootView attribute to a custom class. Please verify that class NautobotChatopsRootView implements appropriate authentication controls.
Something has changed an OrderedDefaultRouter's APIRootView attribute to a custom class. Please verify that class SlurpitRootView implements appropriate authentication controls.
HTTP Token not found for secrets group secret-grp1 associated with repository config_drift
Something has changed an OrderedDefaultRouter's APIRootView attribute to a custom class. Please verify that class NautobotChatopsRootView implements appropriate authentication controls.
Something has changed an OrderedDefaultRouter's APIRootView attribute to a custom class. Please verify that class NautobotChatopsRootView implements appropriate authentication controls.
Something has changed an OrderedDefaultRouter's APIRootView attribute to a custom class. Please verify that class SlurpitRootView implements appropriate authentication controls.
Ref 'HEAD' did not resolve to an object
Cmd('git') failed due to: exit code(128)
  cmdline: git clone -v -- https://github.com/vyshaghpoc/demo_switch_drift_detection.git /home/ubuntu/nautobot-dev/git/config_drift
  stderr: 'Cloning into '/home/ubuntu/nautobot-dev/git/config_drift'...
remote: Repository not found.
fatal: repository 'https://github.com/vyshaghpoc/demo_switch_drift_detection.git/' not found
'
Cmd('git') failed due to: exit code(128)
  cmdline: git clone -v -- https://github.com/vyshaghpoc/demo_switch_drift_detection.git /home/ubuntu/nautobot-dev/git/config_drift
  stderr: 'Cloning into '/home/ubuntu/nautobot-dev/git/config_drift'...
remote: Repository not found.
fatal: repository 'https://github.com/vyshaghpoc/demo_switch_drift_detection.git/' not found
'
Something has changed an OrderedDefaultRouter's APIRootView attribute to a custom class. Please verify that class SlurpitRootView implements appropriate authentication controls.
HTTP Token not found for secrets group secret-grp1 associated with repository config_drift
Cmd('git') failed due to: exit code(128)
  cmdline: git clone -v -- https://github.com/vyshaghpoc/demo_switch_drift_detection.git /home/ubuntu/nautobot-dev/git/config_drift
  stderr: 'Cloning into '/home/ubuntu/nautobot-dev/git/config_drift'...
remote: Repository not found.
fatal: repository 'https://github.com/vyshaghpoc/demo_switch_drift_detection.git/' not found
'
Cmd('git') failed due to: exit code(128)
  cmdline: git clone -v -- https://github.com/vyshaghpoc/demo_switch_drift_detection.git /home/ubuntu/nautobot-dev/git/config_drift
  stderr: 'Cloning into '/home/ubuntu/nautobot-dev/git/config_drift'...
remote: Repository not found.
fatal: repository 'https://github.com/vyshaghpoc/demo_switch_drift_detection.git/' not found
'
{'default': {'netmiko': {'my_network_driver': 'cisco_ios'}, 'pyats': {'my_network_driver': 'iosxe'}}}
{'default': {'netmiko': {'my_network_driver': 'cisco_ios'}, 'pyats': {'my_network_driver': 'iosxe'}}}
2025-01-02 06:11:32,422 - nautobot - INFO - Nautobot 2.3.13b1 initialized!
2025-01-02 06:11:32,462 - silk.middleware - DEBUG - process_request
2025-01-02 06:11:32,500 - silk.model_factory - DEBUG - Created new request model with pk 452ef94c-07e5-4beb-9cae-069c99628ea8
2025-01-02 06:11:32,587 - silk.middleware - DEBUG - Process response
2025-01-02 06:11:32,588 - silk.model_factory - DEBUG - Creating response model for request model with pk 452ef94c-07e5-4beb-9cae-069c99628ea8
2025-01-02 06:11:32,631 - nautobot - INFO - Nautobot 2.3.13b1 initialized!
2025-01-02 06:11:32,656 - silk.middleware - DEBUG - Process response done.
Not Found: /plugins/naas/
2025-01-02 06:11:32,662 - django.request - WARNING - Not Found: /plugins/naas/
{'default': {'netmiko': {'my_network_driver': 'cisco_ios'}, 'pyats': {'my_network_driver': 'iosxe'}}}
2025-01-02 06:11:33,300 - nautobot - INFO - Nautobot 2.3.13b1 initialized!
2025-01-02 06:11:37,762 - silk.middleware - DEBUG - process_request
2025-01-02 06:11:37,783 - silk.model_factory - DEBUG - Created new request model with pk 3af0af32-73b4-4e53-b1eb-d413f524aeb3
2025-01-02 06:11:37,808 - nautobot.core.releases - DEBUG - Skipping release check; RELEASE_CHECK_URL not defined
2025-01-02 06:11:38,213 - silk.middleware - DEBUG - Process response
2025-01-02 06:11:38,213 - silk.model_factory - DEBUG - Creating response model for request model with pk 3af0af32-73b4-4e53-b1eb-d413f524aeb3
2025-01-02 06:11:38,747 - silk.middleware - DEBUG - Process response done.
2025-01-02 06:11:38,989 - silk.middleware - DEBUG - process_request
2025-01-02 06:11:39,007 - silk.model_factory - DEBUG - Created new request model with pk a11b5d67-46a9-4d02-8cfd-e527b09f0505
2025-01-02 06:11:39,066 - silk.middleware - DEBUG - Process response
2025-01-02 06:11:39,066 - silk.model_factory - DEBUG - Creating response model for request model with pk a11b5d67-46a9-4d02-8cfd-e527b09f0505
2025-01-02 06:11:39,100 - silk.middleware - DEBUG - Process response done.
2025-01-02 06:11:41,223 - silk.middleware - DEBUG - process_request
2025-01-02 06:11:41,245 - silk.model_factory - DEBUG - Created new request model with pk 7c006cc5-d0f6-48ab-9843-a7f3369a191f
2025-01-02 06:11:41,496 - silk.middleware - DEBUG - Process response
2025-01-02 06:11:41,496 - silk.model_factory - DEBUG - Creating response model for request model with pk 7c006cc5-d0f6-48ab-9843-a7f3369a191f
2025-01-02 06:11:41,562 - silk.middleware - DEBUG - Process response done.
2025-01-02 06:11:41,804 - silk.middleware - DEBUG - process_request
2025-01-02 06:11:41,838 - silk.model_factory - DEBUG - Created new request model with pk 8dc00613-d947-49af-aba0-4b6946f7381d
2025-01-02 06:11:41,864 - silk.middleware - DEBUG - Process response
2025-01-02 06:11:41,864 - silk.model_factory - DEBUG - Creating response model for request model with pk 8dc00613-d947-49af-aba0-4b6946f7381d
2025-01-02 06:11:41,876 - silk.middleware - DEBUG - Process response done.
